<?xml version="1.0" encoding="UTF-8"?>
<!-- Generated by org.testng.reporters.JUnitXMLReporter -->
<testsuite hostname="Venkateswaras-MacBook-Air.local" ignored="0" name="UI Test set" tests="28" failures="0" timestamp="2021-05-03T13:04:22 EDT" time="299.825" errors="0">
  <testcase name="loginPageTitleTest" time="0.161" classname="crm.testcases.LoginPageTest"/>
  <testcase name="loginTest" time="1.952" classname="crm.testcases.LoginPageTest"/>
  <testcase name="signuplinkTest" time="2.004" classname="crm.testcases.LoginPageTest"/>
  <testcase name="homePageURLTest" time="0.008" classname="crm.testcases.HomePageTest"/>
  <testcase name="homePageUsernameDisplayTest" time="0.223" classname="crm.testcases.HomePageTest"/>
  <testcase name="contactsOptionTest" time="1.182" classname="crm.testcases.HomePageTest"/>
  <testcase name="newcontactOptionTest" time="0.935" classname="crm.testcases.HomePageTest"/>
  <testcase name="contactPageURLTest" time="0.005" classname="crm.testcases.ContactsPageTest"/>
  <testcase name="contactsPageContactsLabelTest" time="0.101" classname="crm.testcases.ContactsPageTest"/>
  <testcase name="contactsPageCheckBoxTest" time="0.44" classname="crm.testcases.ContactsPageTest"/>
  <testcase name="contactsPageCheckBoxesTest" time="0.278" classname="crm.testcases.ContactsPageTest"/>
  <testcase name="addContactsTest" time="3.405" classname="crm.testcases.ContactsPageTest"/>
  <testcase name="addContactsTest" time="4.777" classname="crm.testcases.ContactsPageTest"/>
  <testcase name="addContactsTest" time="4.98" classname="crm.testcases.ContactsPageTest"/>
  <testcase name="addContactsTest" time="5.175" classname="crm.testcases.ContactsPageTest"/>
  <testcase name="addContactsTest" time="5.111" classname="crm.testcases.ContactsPageTest"/>
  <testcase name="addContactsTest" time="5.075" classname="crm.testcases.ContactsPageTest"/>
  <testcase name="dealsPageURLTest" time="0.005" classname="crm.testcases.DealsPageTest"/>
  <testcase name="dealsLabelDisplayTest" time="0.144" classname="crm.testcases.DealsPageTest"/>
  <testcase name="signupPageURLTest" time="0.015" classname="crm.testcases.SignUpPageTest"/>
  <testcase name="registrationTest" time="0.91" classname="crm.testcases.SignUpPageTest"/>
  <testcase name="registrationTest" time="0.884" classname="crm.testcases.SignUpPageTest"/>
  <testcase name="registrationTest" time="1.034" classname="crm.testcases.SignUpPageTest"/>
  <testcase name="registrationTest" time="0.879" classname="crm.testcases.SignUpPageTest"/>
  <testcase name="registrationTest" time="0.852" classname="crm.testcases.SignUpPageTest"/>
  <testcase name="registrationTest" time="0.812" classname="crm.testcases.SignUpPageTest"/>
  <testcase name="dealsPageURLTest" time="0.002" classname="crm.testcases.TasksPageTest"/>
  <testcase name="dealsLabelDisplayTest" time="0.155" classname="crm.testcases.TasksPageTest"/>
</testsuite> <!-- UI Test set -->
