<?xml version="1.0" encoding="UTF-8"?>
<!-- Generated by org.testng.reporters.JUnitXMLReporter -->
<testsuite hostname="Venkateswaras-MacBook-Air.local" ignored="0" name="Default test" tests="3" failures="0" timestamp="2021-05-03T12:35:59 EDT" time="35.506" errors="0">
  <testcase name="loginPageTitleTest" time="0.067" classname="crm.testcases.LoginPageTest"/>
  <testcase name="loginTest" time="1.997" classname="crm.testcases.LoginPageTest"/>
  <testcase name="signuplinkTest" time="2.115" classname="crm.testcases.LoginPageTest"/>
</testsuite> <!-- Default test -->
