<?xml version="1.0" encoding="UTF-8"?>
<testng-results skipped="0" failed="0" ignored="0" total="28" passed="28">
  <reporter-output>
  </reporter-output>
  <suite name="Functional Test automation suite for Free CRM App" duration-ms="299825" started-at="2021-05-03T12:59:21 EDT" finished-at="2021-05-03T13:04:21 EDT">
    <groups>
    </groups>
    <test name="UI Test set" duration-ms="299825" started-at="2021-05-03T12:59:21 EDT" finished-at="2021-05-03T13:04:21 EDT">
      <class name="crm.testcases.DealsPageTest">
        <test-method status="PASS" signature="setUp()[pri:0, instance:crm.testcases.DealsPageTest@376b4233]" name="setUp" is-config="true" duration-ms="8964" started-at="2021-05-03T13:02:34 EDT" finished-at="2021-05-03T13:02:43 EDT">
          <reporter-output>
          </reporter-output>
        </test-method> <!-- setUp -->
        <test-method status="PASS" signature="dealsPageURLTest()[pri:1, instance:crm.testcases.DealsPageTest@376b4233]" name="dealsPageURLTest" duration-ms="5" started-at="2021-05-03T13:02:43 EDT" finished-at="2021-05-03T13:02:43 EDT">
          <reporter-output>
          </reporter-output>
        </test-method> <!-- dealsPageURLTest -->
        <test-method status="PASS" signature="tearDown()[pri:0, instance:crm.testcases.DealsPageTest@376b4233]" name="tearDown" is-config="true" duration-ms="1015" started-at="2021-05-03T13:02:43 EDT" finished-at="2021-05-03T13:02:44 EDT">
          <reporter-output>
          </reporter-output>
        </test-method> <!-- tearDown -->
        <test-method status="PASS" signature="setUp()[pri:0, instance:crm.testcases.DealsPageTest@376b4233]" name="setUp" is-config="true" duration-ms="8646" started-at="2021-05-03T13:02:44 EDT" finished-at="2021-05-03T13:02:53 EDT">
          <reporter-output>
          </reporter-output>
        </test-method> <!-- setUp -->
        <test-method status="PASS" signature="dealsLabelDisplayTest()[pri:2, instance:crm.testcases.DealsPageTest@376b4233]" name="dealsLabelDisplayTest" duration-ms="144" started-at="2021-05-03T13:02:53 EDT" finished-at="2021-05-03T13:02:53 EDT">
          <reporter-output>
          </reporter-output>
        </test-method> <!-- dealsLabelDisplayTest -->
        <test-method status="PASS" signature="tearDown()[pri:0, instance:crm.testcases.DealsPageTest@376b4233]" name="tearDown" is-config="true" duration-ms="782" started-at="2021-05-03T13:02:53 EDT" finished-at="2021-05-03T13:02:54 EDT">
          <reporter-output>
          </reporter-output>
        </test-method> <!-- tearDown -->
      </class> <!-- crm.testcases.DealsPageTest -->
      <class name="crm.testcases.LoginPageTest">
        <test-method status="PASS" signature="setUp()[pri:0, instance:crm.testcases.LoginPageTest@4fb64261]" name="setUp" is-config="true" duration-ms="8287" started-at="2021-05-03T12:59:21 EDT" finished-at="2021-05-03T12:59:29 EDT">
          <reporter-output>
          </reporter-output>
        </test-method> <!-- setUp -->
        <test-method status="PASS" signature="loginPageTitleTest()[pri:1, instance:crm.testcases.LoginPageTest@4fb64261]" name="loginPageTitleTest" duration-ms="161" started-at="2021-05-03T12:59:29 EDT" finished-at="2021-05-03T12:59:30 EDT">
          <reporter-output>
          </reporter-output>
        </test-method> <!-- loginPageTitleTest -->
        <test-method status="PASS" signature="tearDown()[pri:0, instance:crm.testcases.LoginPageTest@4fb64261]" name="tearDown" is-config="true" duration-ms="804" started-at="2021-05-03T12:59:30 EDT" finished-at="2021-05-03T12:59:30 EDT">
          <reporter-output>
          </reporter-output>
        </test-method> <!-- tearDown -->
        <test-method status="PASS" signature="setUp()[pri:0, instance:crm.testcases.LoginPageTest@4fb64261]" name="setUp" is-config="true" duration-ms="5830" started-at="2021-05-03T12:59:30 EDT" finished-at="2021-05-03T12:59:36 EDT">
          <reporter-output>
          </reporter-output>
        </test-method> <!-- setUp -->
        <test-method status="PASS" signature="loginTest()[pri:2, instance:crm.testcases.LoginPageTest@4fb64261]" name="loginTest" duration-ms="1952" started-at="2021-05-03T12:59:36 EDT" finished-at="2021-05-03T12:59:38 EDT">
          <reporter-output>
          </reporter-output>
        </test-method> <!-- loginTest -->
        <test-method status="PASS" signature="tearDown()[pri:0, instance:crm.testcases.LoginPageTest@4fb64261]" name="tearDown" is-config="true" duration-ms="894" started-at="2021-05-03T12:59:38 EDT" finished-at="2021-05-03T12:59:39 EDT">
          <reporter-output>
          </reporter-output>
        </test-method> <!-- tearDown -->
        <test-method status="PASS" signature="setUp()[pri:0, instance:crm.testcases.LoginPageTest@4fb64261]" name="setUp" is-config="true" duration-ms="5890" started-at="2021-05-03T12:59:39 EDT" finished-at="2021-05-03T12:59:45 EDT">
          <reporter-output>
          </reporter-output>
        </test-method> <!-- setUp -->
        <test-method status="PASS" signature="signuplinkTest()[pri:3, instance:crm.testcases.LoginPageTest@4fb64261]" name="signuplinkTest" duration-ms="2004" started-at="2021-05-03T12:59:45 EDT" finished-at="2021-05-03T12:59:47 EDT">
          <reporter-output>
          </reporter-output>
        </test-method> <!-- signuplinkTest -->
        <test-method status="PASS" signature="tearDown()[pri:0, instance:crm.testcases.LoginPageTest@4fb64261]" name="tearDown" is-config="true" duration-ms="810" started-at="2021-05-03T12:59:47 EDT" finished-at="2021-05-03T12:59:48 EDT">
          <reporter-output>
          </reporter-output>
        </test-method> <!-- tearDown -->
      </class> <!-- crm.testcases.LoginPageTest -->
      <class name="crm.testcases.HomePageTest">
        <test-method status="PASS" signature="setUp()[pri:0, instance:crm.testcases.HomePageTest@5579bb86]" name="setUp" is-config="true" duration-ms="7850" started-at="2021-05-03T12:59:48 EDT" finished-at="2021-05-03T12:59:56 EDT">
          <reporter-output>
          </reporter-output>
        </test-method> <!-- setUp -->
        <test-method status="PASS" signature="homePageURLTest()[pri:1, instance:crm.testcases.HomePageTest@5579bb86]" name="homePageURLTest" duration-ms="8" started-at="2021-05-03T12:59:56 EDT" finished-at="2021-05-03T12:59:56 EDT">
          <reporter-output>
          </reporter-output>
        </test-method> <!-- homePageURLTest -->
        <test-method status="PASS" signature="tearDown()[pri:0, instance:crm.testcases.HomePageTest@5579bb86]" name="tearDown" is-config="true" duration-ms="807" started-at="2021-05-03T12:59:56 EDT" finished-at="2021-05-03T12:59:57 EDT">
          <reporter-output>
          </reporter-output>
        </test-method> <!-- tearDown -->
        <test-method status="PASS" signature="setUp()[pri:0, instance:crm.testcases.HomePageTest@5579bb86]" name="setUp" is-config="true" duration-ms="8561" started-at="2021-05-03T12:59:57 EDT" finished-at="2021-05-03T13:00:05 EDT">
          <reporter-output>
          </reporter-output>
        </test-method> <!-- setUp -->
        <test-method status="PASS" signature="homePageUsernameDisplayTest()[pri:2, instance:crm.testcases.HomePageTest@5579bb86]" name="homePageUsernameDisplayTest" duration-ms="223" started-at="2021-05-03T13:00:05 EDT" finished-at="2021-05-03T13:00:05 EDT">
          <reporter-output>
          </reporter-output>
        </test-method> <!-- homePageUsernameDisplayTest -->
        <test-method status="PASS" signature="tearDown()[pri:0, instance:crm.testcases.HomePageTest@5579bb86]" name="tearDown" is-config="true" duration-ms="998" started-at="2021-05-03T13:00:05 EDT" finished-at="2021-05-03T13:00:06 EDT">
          <reporter-output>
          </reporter-output>
        </test-method> <!-- tearDown -->
        <test-method status="PASS" signature="setUp()[pri:0, instance:crm.testcases.HomePageTest@5579bb86]" name="setUp" is-config="true" duration-ms="8025" started-at="2021-05-03T13:00:06 EDT" finished-at="2021-05-03T13:00:14 EDT">
          <reporter-output>
          </reporter-output>
        </test-method> <!-- setUp -->
        <test-method status="PASS" signature="contactsOptionTest()[pri:3, instance:crm.testcases.HomePageTest@5579bb86]" name="contactsOptionTest" duration-ms="1182" started-at="2021-05-03T13:00:14 EDT" finished-at="2021-05-03T13:00:16 EDT">
          <reporter-output>
          </reporter-output>
        </test-method> <!-- contactsOptionTest -->
        <test-method status="PASS" signature="tearDown()[pri:0, instance:crm.testcases.HomePageTest@5579bb86]" name="tearDown" is-config="true" duration-ms="921" started-at="2021-05-03T13:00:16 EDT" finished-at="2021-05-03T13:00:16 EDT">
          <reporter-output>
          </reporter-output>
        </test-method> <!-- tearDown -->
        <test-method status="PASS" signature="setUp()[pri:0, instance:crm.testcases.HomePageTest@5579bb86]" name="setUp" is-config="true" duration-ms="7729" started-at="2021-05-03T13:00:16 EDT" finished-at="2021-05-03T13:00:24 EDT">
          <reporter-output>
          </reporter-output>
        </test-method> <!-- setUp -->
        <test-method status="PASS" signature="newcontactOptionTest()[pri:4, instance:crm.testcases.HomePageTest@5579bb86]" name="newcontactOptionTest" duration-ms="935" started-at="2021-05-03T13:00:24 EDT" finished-at="2021-05-03T13:00:25 EDT">
          <reporter-output>
          </reporter-output>
        </test-method> <!-- newcontactOptionTest -->
        <test-method status="PASS" signature="tearDown()[pri:0, instance:crm.testcases.HomePageTest@5579bb86]" name="tearDown" is-config="true" duration-ms="822" started-at="2021-05-03T13:00:25 EDT" finished-at="2021-05-03T13:00:26 EDT">
          <reporter-output>
          </reporter-output>
        </test-method> <!-- tearDown -->
      </class> <!-- crm.testcases.HomePageTest -->
      <class name="crm.testcases.TasksPageTest">
        <test-method status="PASS" signature="setUp()[pri:0, instance:crm.testcases.TasksPageTest@5d11346a]" name="setUp" is-config="true" duration-ms="8658" started-at="2021-05-03T13:04:02 EDT" finished-at="2021-05-03T13:04:10 EDT">
          <reporter-output>
          </reporter-output>
        </test-method> <!-- setUp -->
        <test-method status="PASS" signature="dealsPageURLTest()[pri:1, instance:crm.testcases.TasksPageTest@5d11346a]" name="dealsPageURLTest" duration-ms="2" started-at="2021-05-03T13:04:10 EDT" finished-at="2021-05-03T13:04:10 EDT">
          <reporter-output>
          </reporter-output>
        </test-method> <!-- dealsPageURLTest -->
        <test-method status="PASS" signature="tearDown()[pri:0, instance:crm.testcases.TasksPageTest@5d11346a]" name="tearDown" is-config="true" duration-ms="790" started-at="2021-05-03T13:04:10 EDT" finished-at="2021-05-03T13:04:11 EDT">
          <reporter-output>
          </reporter-output>
        </test-method> <!-- tearDown -->
        <test-method status="PASS" signature="setUp()[pri:0, instance:crm.testcases.TasksPageTest@5d11346a]" name="setUp" is-config="true" duration-ms="8830" started-at="2021-05-03T13:04:11 EDT" finished-at="2021-05-03T13:04:20 EDT">
          <reporter-output>
          </reporter-output>
        </test-method> <!-- setUp -->
        <test-method status="PASS" signature="dealsLabelDisplayTest()[pri:2, instance:crm.testcases.TasksPageTest@5d11346a]" name="dealsLabelDisplayTest" duration-ms="155" started-at="2021-05-03T13:04:20 EDT" finished-at="2021-05-03T13:04:20 EDT">
          <reporter-output>
          </reporter-output>
        </test-method> <!-- dealsLabelDisplayTest -->
        <test-method status="PASS" signature="tearDown()[pri:0, instance:crm.testcases.TasksPageTest@5d11346a]" name="tearDown" is-config="true" duration-ms="811" started-at="2021-05-03T13:04:20 EDT" finished-at="2021-05-03T13:04:21 EDT">
          <reporter-output>
          </reporter-output>
        </test-method> <!-- tearDown -->
      </class> <!-- crm.testcases.TasksPageTest -->
      <class name="crm.testcases.SignUpPageTest">
        <test-method status="PASS" signature="setUp()[pri:0, instance:crm.testcases.SignUpPageTest@2fd66ad3]" name="setUp" is-config="true" duration-ms="8307" started-at="2021-05-03T13:02:54 EDT" finished-at="2021-05-03T13:03:02 EDT">
          <reporter-output>
          </reporter-output>
        </test-method> <!-- setUp -->
        <test-method status="PASS" signature="signupPageURLTest()[pri:1, instance:crm.testcases.SignUpPageTest@2fd66ad3]" name="signupPageURLTest" duration-ms="15" started-at="2021-05-03T13:03:02 EDT" finished-at="2021-05-03T13:03:02 EDT">
          <reporter-output>
          </reporter-output>
        </test-method> <!-- signupPageURLTest -->
        <test-method status="PASS" signature="tearDown()[pri:0, instance:crm.testcases.SignUpPageTest@2fd66ad3]" name="tearDown" is-config="true" duration-ms="843" started-at="2021-05-03T13:03:02 EDT" finished-at="2021-05-03T13:03:03 EDT">
          <reporter-output>
          </reporter-output>
        </test-method> <!-- tearDown -->
        <test-method status="PASS" signature="setUp()[pri:0, instance:crm.testcases.SignUpPageTest@2fd66ad3]" name="setUp" is-config="true" duration-ms="8521" started-at="2021-05-03T13:03:03 EDT" finished-at="2021-05-03T13:03:12 EDT">
          <reporter-output>
          </reporter-output>
        </test-method> <!-- setUp -->
        <test-method status="PASS" signature="registrationTest(java.lang.String,java.lang.String,java.lang.String)[pri:2, instance:crm.testcases.SignUpPageTest@2fd66ad3]" name="registrationTest" duration-ms="910" started-at="2021-05-03T13:03:12 EDT" data-provider="getSignUpData" finished-at="2021-05-03T13:03:12 EDT">
          <params>
            <param index="0">
              <value>
                <![CDATA[test1@gmail.com]]>
              </value>
            </param>
            <param index="1">
              <value>
                <![CDATA[Canada (+1)]]>
              </value>
            </param>
            <param index="2">
              <value>
                <![CDATA[1.23456789E9]]>
              </value>
            </param>
          </params>
          <reporter-output>
          </reporter-output>
        </test-method> <!-- registrationTest -->
        <test-method status="PASS" signature="tearDown()[pri:0, instance:crm.testcases.SignUpPageTest@2fd66ad3]" name="tearDown" is-config="true" duration-ms="891" started-at="2021-05-03T13:03:12 EDT" finished-at="2021-05-03T13:03:13 EDT">
          <reporter-output>
          </reporter-output>
        </test-method> <!-- tearDown -->
        <test-method status="PASS" signature="setUp()[pri:0, instance:crm.testcases.SignUpPageTest@2fd66ad3]" name="setUp" is-config="true" duration-ms="8163" started-at="2021-05-03T13:03:13 EDT" finished-at="2021-05-03T13:03:22 EDT">
          <reporter-output>
          </reporter-output>
        </test-method> <!-- setUp -->
        <test-method status="PASS" signature="registrationTest(java.lang.String,java.lang.String,java.lang.String)[pri:2, instance:crm.testcases.SignUpPageTest@2fd66ad3]" name="registrationTest" duration-ms="884" started-at="2021-05-03T13:03:22 EDT" data-provider="getSignUpData" finished-at="2021-05-03T13:03:22 EDT">
          <params>
            <param index="0">
              <value>
                <![CDATA[test2@gmail.com]]>
              </value>
            </param>
            <param index="1">
              <value>
                <![CDATA[United States of America (+1)]]>
              </value>
            </param>
            <param index="2">
              <value>
                <![CDATA[9.999999999E9]]>
              </value>
            </param>
          </params>
          <reporter-output>
          </reporter-output>
        </test-method> <!-- registrationTest -->
        <test-method status="PASS" signature="tearDown()[pri:0, instance:crm.testcases.SignUpPageTest@2fd66ad3]" name="tearDown" is-config="true" duration-ms="911" started-at="2021-05-03T13:03:22 EDT" finished-at="2021-05-03T13:03:23 EDT">
          <reporter-output>
          </reporter-output>
        </test-method> <!-- tearDown -->
        <test-method status="PASS" signature="setUp()[pri:0, instance:crm.testcases.SignUpPageTest@2fd66ad3]" name="setUp" is-config="true" duration-ms="7970" started-at="2021-05-03T13:03:23 EDT" finished-at="2021-05-03T13:03:31 EDT">
          <reporter-output>
          </reporter-output>
        </test-method> <!-- setUp -->
        <test-method status="PASS" signature="registrationTest(java.lang.String,java.lang.String,java.lang.String)[pri:2, instance:crm.testcases.SignUpPageTest@2fd66ad3]" name="registrationTest" duration-ms="1034" started-at="2021-05-03T13:03:31 EDT" data-provider="getSignUpData" finished-at="2021-05-03T13:03:32 EDT">
          <params>
            <param index="0">
              <value>
                <![CDATA[test3@gmail.com]]>
              </value>
            </param>
            <param index="1">
              <value>
                <![CDATA[India (+91)]]>
              </value>
            </param>
            <param index="2">
              <value>
                <![CDATA[2.345678901E9]]>
              </value>
            </param>
          </params>
          <reporter-output>
          </reporter-output>
        </test-method> <!-- registrationTest -->
        <test-method status="PASS" signature="tearDown()[pri:0, instance:crm.testcases.SignUpPageTest@2fd66ad3]" name="tearDown" is-config="true" duration-ms="817" started-at="2021-05-03T13:03:32 EDT" finished-at="2021-05-03T13:03:33 EDT">
          <reporter-output>
          </reporter-output>
        </test-method> <!-- tearDown -->
        <test-method status="PASS" signature="setUp()[pri:0, instance:crm.testcases.SignUpPageTest@2fd66ad3]" name="setUp" is-config="true" duration-ms="7814" started-at="2021-05-03T13:03:33 EDT" finished-at="2021-05-03T13:03:41 EDT">
          <reporter-output>
          </reporter-output>
        </test-method> <!-- setUp -->
        <test-method status="PASS" signature="registrationTest(java.lang.String,java.lang.String,java.lang.String)[pri:2, instance:crm.testcases.SignUpPageTest@2fd66ad3]" name="registrationTest" duration-ms="879" started-at="2021-05-03T13:03:41 EDT" data-provider="getSignUpData" finished-at="2021-05-03T13:03:42 EDT">
          <params>
            <param index="0">
              <value>
                <![CDATA[test4@gmail.com]]>
              </value>
            </param>
            <param index="1">
              <value>
                <![CDATA[United Kingdom (+44)]]>
              </value>
            </param>
            <param index="2">
              <value>
                <![CDATA[4.567890123E9]]>
              </value>
            </param>
          </params>
          <reporter-output>
          </reporter-output>
        </test-method> <!-- registrationTest -->
        <test-method status="PASS" signature="tearDown()[pri:0, instance:crm.testcases.SignUpPageTest@2fd66ad3]" name="tearDown" is-config="true" duration-ms="850" started-at="2021-05-03T13:03:42 EDT" finished-at="2021-05-03T13:03:43 EDT">
          <reporter-output>
          </reporter-output>
        </test-method> <!-- tearDown -->
        <test-method status="PASS" signature="setUp()[pri:0, instance:crm.testcases.SignUpPageTest@2fd66ad3]" name="setUp" is-config="true" duration-ms="7830" started-at="2021-05-03T13:03:43 EDT" finished-at="2021-05-03T13:03:51 EDT">
          <reporter-output>
          </reporter-output>
        </test-method> <!-- setUp -->
        <test-method status="PASS" signature="registrationTest(java.lang.String,java.lang.String,java.lang.String)[pri:2, instance:crm.testcases.SignUpPageTest@2fd66ad3]" name="registrationTest" duration-ms="852" started-at="2021-05-03T13:03:51 EDT" data-provider="getSignUpData" finished-at="2021-05-03T13:03:51 EDT">
          <params>
            <param index="0">
              <value>
                <![CDATA[test5@gmail.com]]>
              </value>
            </param>
            <param index="1">
              <value>
                <![CDATA[Australia (+61)]]>
              </value>
            </param>
            <param index="2">
              <value>
                <![CDATA[5.678901234E9]]>
              </value>
            </param>
          </params>
          <reporter-output>
          </reporter-output>
        </test-method> <!-- registrationTest -->
        <test-method status="PASS" signature="tearDown()[pri:0, instance:crm.testcases.SignUpPageTest@2fd66ad3]" name="tearDown" is-config="true" duration-ms="818" started-at="2021-05-03T13:03:51 EDT" finished-at="2021-05-03T13:03:52 EDT">
          <reporter-output>
          </reporter-output>
        </test-method> <!-- tearDown -->
        <test-method status="PASS" signature="setUp()[pri:0, instance:crm.testcases.SignUpPageTest@2fd66ad3]" name="setUp" is-config="true" duration-ms="7882" started-at="2021-05-03T13:03:52 EDT" finished-at="2021-05-03T13:04:00 EDT">
          <reporter-output>
          </reporter-output>
        </test-method> <!-- setUp -->
        <test-method status="PASS" signature="registrationTest(java.lang.String,java.lang.String,java.lang.String)[pri:2, instance:crm.testcases.SignUpPageTest@2fd66ad3]" name="registrationTest" duration-ms="812" started-at="2021-05-03T13:04:00 EDT" data-provider="getSignUpData" finished-at="2021-05-03T13:04:01 EDT">
          <params>
            <param index="0">
              <value>
                <![CDATA[test6@gmail.com]]>
              </value>
            </param>
            <param index="1">
              <value>
                <![CDATA[Taiwan (+886)]]>
              </value>
            </param>
            <param index="2">
              <value>
                <![CDATA[6.789012345E9]]>
              </value>
            </param>
          </params>
          <reporter-output>
          </reporter-output>
        </test-method> <!-- registrationTest -->
        <test-method status="PASS" signature="tearDown()[pri:0, instance:crm.testcases.SignUpPageTest@2fd66ad3]" name="tearDown" is-config="true" duration-ms="853" started-at="2021-05-03T13:04:01 EDT" finished-at="2021-05-03T13:04:02 EDT">
          <reporter-output>
          </reporter-output>
        </test-method> <!-- tearDown -->
      </class> <!-- crm.testcases.SignUpPageTest -->
      <class name="crm.testcases.ContactsPageTest">
        <test-method status="PASS" signature="setUp()[pri:0, instance:crm.testcases.ContactsPageTest@4fcd19b3]" name="setUp" is-config="true" duration-ms="8798" started-at="2021-05-03T13:00:26 EDT" finished-at="2021-05-03T13:00:35 EDT">
          <reporter-output>
          </reporter-output>
        </test-method> <!-- setUp -->
        <test-method status="PASS" signature="contactPageURLTest()[pri:1, instance:crm.testcases.ContactsPageTest@4fcd19b3]" name="contactPageURLTest" duration-ms="5" started-at="2021-05-03T13:00:35 EDT" finished-at="2021-05-03T13:00:35 EDT">
          <reporter-output>
          </reporter-output>
        </test-method> <!-- contactPageURLTest -->
        <test-method status="PASS" signature="tearDown()[pri:0, instance:crm.testcases.ContactsPageTest@4fcd19b3]" name="tearDown" is-config="true" duration-ms="963" started-at="2021-05-03T13:00:35 EDT" finished-at="2021-05-03T13:00:36 EDT">
          <reporter-output>
          </reporter-output>
        </test-method> <!-- tearDown -->
        <test-method status="PASS" signature="setUp()[pri:0, instance:crm.testcases.ContactsPageTest@4fcd19b3]" name="setUp" is-config="true" duration-ms="8592" started-at="2021-05-03T13:00:36 EDT" finished-at="2021-05-03T13:00:44 EDT">
          <reporter-output>
          </reporter-output>
        </test-method> <!-- setUp -->
        <test-method status="PASS" signature="contactsPageContactsLabelTest()[pri:2, instance:crm.testcases.ContactsPageTest@4fcd19b3]" name="contactsPageContactsLabelTest" duration-ms="101" started-at="2021-05-03T13:00:44 EDT" finished-at="2021-05-03T13:00:44 EDT">
          <reporter-output>
          </reporter-output>
        </test-method> <!-- contactsPageContactsLabelTest -->
        <test-method status="PASS" signature="tearDown()[pri:0, instance:crm.testcases.ContactsPageTest@4fcd19b3]" name="tearDown" is-config="true" duration-ms="797" started-at="2021-05-03T13:00:44 EDT" finished-at="2021-05-03T13:00:45 EDT">
          <reporter-output>
          </reporter-output>
        </test-method> <!-- tearDown -->
        <test-method status="PASS" signature="setUp()[pri:0, instance:crm.testcases.ContactsPageTest@4fcd19b3]" name="setUp" is-config="true" duration-ms="8832" started-at="2021-05-03T13:00:45 EDT" finished-at="2021-05-03T13:00:54 EDT">
          <reporter-output>
          </reporter-output>
        </test-method> <!-- setUp -->
        <test-method status="PASS" signature="contactsPageCheckBoxTest()[pri:3, instance:crm.testcases.ContactsPageTest@4fcd19b3]" name="contactsPageCheckBoxTest" duration-ms="440" started-at="2021-05-03T13:00:54 EDT" finished-at="2021-05-03T13:00:54 EDT">
          <reporter-output>
          </reporter-output>
        </test-method> <!-- contactsPageCheckBoxTest -->
        <test-method status="PASS" signature="tearDown()[pri:0, instance:crm.testcases.ContactsPageTest@4fcd19b3]" name="tearDown" is-config="true" duration-ms="826" started-at="2021-05-03T13:00:54 EDT" finished-at="2021-05-03T13:00:55 EDT">
          <reporter-output>
          </reporter-output>
        </test-method> <!-- tearDown -->
        <test-method status="PASS" signature="setUp()[pri:0, instance:crm.testcases.ContactsPageTest@4fcd19b3]" name="setUp" is-config="true" duration-ms="8914" started-at="2021-05-03T13:00:55 EDT" finished-at="2021-05-03T13:01:04 EDT">
          <reporter-output>
          </reporter-output>
        </test-method> <!-- setUp -->
        <test-method status="PASS" signature="contactsPageCheckBoxesTest()[pri:4, instance:crm.testcases.ContactsPageTest@4fcd19b3]" name="contactsPageCheckBoxesTest" duration-ms="278" started-at="2021-05-03T13:01:04 EDT" finished-at="2021-05-03T13:01:05 EDT">
          <reporter-output>
          </reporter-output>
        </test-method> <!-- contactsPageCheckBoxesTest -->
        <test-method status="PASS" signature="tearDown()[pri:0, instance:crm.testcases.ContactsPageTest@4fcd19b3]" name="tearDown" is-config="true" duration-ms="833" started-at="2021-05-03T13:01:05 EDT" finished-at="2021-05-03T13:01:05 EDT">
          <reporter-output>
          </reporter-output>
        </test-method> <!-- tearDown -->
        <test-method status="PASS" signature="setUp()[pri:0, instance:crm.testcases.ContactsPageTest@4fcd19b3]" name="setUp" is-config="true" duration-ms="8732" started-at="2021-05-03T13:01:06 EDT" finished-at="2021-05-03T13:01:15 EDT">
          <reporter-output>
          </reporter-output>
        </test-method> <!-- setUp -->
        <test-method status="PASS" signature="addContactsTest(java.lang.String,java.lang.String,java.lang.String)[pri:5, instance:crm.testcases.ContactsPageTest@4fcd19b3]" name="addContactsTest" duration-ms="3405" started-at="2021-05-03T13:01:15 EDT" data-provider="getContactsData" finished-at="2021-05-03T13:01:18 EDT">
          <params>
            <param index="0">
              <value>
                <![CDATA[Raja]]>
              </value>
            </param>
            <param index="1">
              <value>
                <![CDATA[Ram]]>
              </value>
            </param>
            <param index="2">
              <value>
                <![CDATA[IBN]]>
              </value>
            </param>
          </params>
          <reporter-output>
          </reporter-output>
        </test-method> <!-- addContactsTest -->
        <test-method status="PASS" signature="tearDown()[pri:0, instance:crm.testcases.ContactsPageTest@4fcd19b3]" name="tearDown" is-config="true" duration-ms="1192" started-at="2021-05-03T13:01:18 EDT" finished-at="2021-05-03T13:01:20 EDT">
          <reporter-output>
          </reporter-output>
        </test-method> <!-- tearDown -->
        <test-method status="PASS" signature="setUp()[pri:0, instance:crm.testcases.ContactsPageTest@4fcd19b3]" name="setUp" is-config="true" duration-ms="8746" started-at="2021-05-03T13:01:20 EDT" finished-at="2021-05-03T13:01:28 EDT">
          <reporter-output>
          </reporter-output>
        </test-method> <!-- setUp -->
        <test-method status="PASS" signature="addContactsTest(java.lang.String,java.lang.String,java.lang.String)[pri:5, instance:crm.testcases.ContactsPageTest@4fcd19b3]" name="addContactsTest" duration-ms="4777" started-at="2021-05-03T13:01:28 EDT" data-provider="getContactsData" finished-at="2021-05-03T13:01:33 EDT">
          <params>
            <param index="0">
              <value>
                <![CDATA[Ranga]]>
              </value>
            </param>
            <param index="1">
              <value>
                <![CDATA[Raja]]>
              </value>
            </param>
            <param index="2">
              <value>
                <![CDATA[Anazon]]>
              </value>
            </param>
          </params>
          <reporter-output>
          </reporter-output>
        </test-method> <!-- addContactsTest -->
        <test-method status="PASS" signature="tearDown()[pri:0, instance:crm.testcases.ContactsPageTest@4fcd19b3]" name="tearDown" is-config="true" duration-ms="829" started-at="2021-05-03T13:01:33 EDT" finished-at="2021-05-03T13:01:34 EDT">
          <reporter-output>
          </reporter-output>
        </test-method> <!-- tearDown -->
        <test-method status="PASS" signature="setUp()[pri:0, instance:crm.testcases.ContactsPageTest@4fcd19b3]" name="setUp" is-config="true" duration-ms="8987" started-at="2021-05-03T13:01:34 EDT" finished-at="2021-05-03T13:01:43 EDT">
          <reporter-output>
          </reporter-output>
        </test-method> <!-- setUp -->
        <test-method status="PASS" signature="addContactsTest(java.lang.String,java.lang.String,java.lang.String)[pri:5, instance:crm.testcases.ContactsPageTest@4fcd19b3]" name="addContactsTest" duration-ms="4980" started-at="2021-05-03T13:01:43 EDT" data-provider="getContactsData" finished-at="2021-05-03T13:01:48 EDT">
          <params>
            <param index="0">
              <value>
                <![CDATA[Rani]]>
              </value>
            </param>
            <param index="1">
              <value>
                <![CDATA[Rangamma]]>
              </value>
            </param>
            <param index="2">
              <value>
                <![CDATA[Kognizant]]>
              </value>
            </param>
          </params>
          <reporter-output>
          </reporter-output>
        </test-method> <!-- addContactsTest -->
        <test-method status="PASS" signature="tearDown()[pri:0, instance:crm.testcases.ContactsPageTest@4fcd19b3]" name="tearDown" is-config="true" duration-ms="935" started-at="2021-05-03T13:01:48 EDT" finished-at="2021-05-03T13:01:49 EDT">
          <reporter-output>
          </reporter-output>
        </test-method> <!-- tearDown -->
        <test-method status="PASS" signature="setUp()[pri:0, instance:crm.testcases.ContactsPageTest@4fcd19b3]" name="setUp" is-config="true" duration-ms="8674" started-at="2021-05-03T13:01:49 EDT" finished-at="2021-05-03T13:01:58 EDT">
          <reporter-output>
          </reporter-output>
        </test-method> <!-- setUp -->
        <test-method status="PASS" signature="addContactsTest(java.lang.String,java.lang.String,java.lang.String)[pri:5, instance:crm.testcases.ContactsPageTest@4fcd19b3]" name="addContactsTest" duration-ms="5175" started-at="2021-05-03T13:01:58 EDT" data-provider="getContactsData" finished-at="2021-05-03T13:02:03 EDT">
          <params>
            <param index="0">
              <value>
                <![CDATA[Anjaneya]]>
              </value>
            </param>
            <param index="1">
              <value>
                <![CDATA[Hanuma]]>
              </value>
            </param>
            <param index="2">
              <value>
                <![CDATA[Ramalayam]]>
              </value>
            </param>
          </params>
          <reporter-output>
          </reporter-output>
        </test-method> <!-- addContactsTest -->
        <test-method status="PASS" signature="tearDown()[pri:0, instance:crm.testcases.ContactsPageTest@4fcd19b3]" name="tearDown" is-config="true" duration-ms="1415" started-at="2021-05-03T13:02:03 EDT" finished-at="2021-05-03T13:02:04 EDT">
          <reporter-output>
          </reporter-output>
        </test-method> <!-- tearDown -->
        <test-method status="PASS" signature="setUp()[pri:0, instance:crm.testcases.ContactsPageTest@4fcd19b3]" name="setUp" is-config="true" duration-ms="8743" started-at="2021-05-03T13:02:04 EDT" finished-at="2021-05-03T13:02:13 EDT">
          <reporter-output>
          </reporter-output>
        </test-method> <!-- setUp -->
        <test-method status="PASS" signature="addContactsTest(java.lang.String,java.lang.String,java.lang.String)[pri:5, instance:crm.testcases.ContactsPageTest@4fcd19b3]" name="addContactsTest" duration-ms="5111" started-at="2021-05-03T13:02:13 EDT" data-provider="getContactsData" finished-at="2021-05-03T13:02:18 EDT">
          <params>
            <param index="0">
              <value>
                <![CDATA[Lakshmi ]]>
              </value>
            </param>
            <param index="1">
              <value>
                <![CDATA[Vishnu]]>
              </value>
            </param>
            <param index="2">
              <value>
                <![CDATA[Vaikuntam]]>
              </value>
            </param>
          </params>
          <reporter-output>
          </reporter-output>
        </test-method> <!-- addContactsTest -->
        <test-method status="PASS" signature="tearDown()[pri:0, instance:crm.testcases.ContactsPageTest@4fcd19b3]" name="tearDown" is-config="true" duration-ms="1178" started-at="2021-05-03T13:02:18 EDT" finished-at="2021-05-03T13:02:19 EDT">
          <reporter-output>
          </reporter-output>
        </test-method> <!-- tearDown -->
        <test-method status="PASS" signature="setUp()[pri:0, instance:crm.testcases.ContactsPageTest@4fcd19b3]" name="setUp" is-config="true" duration-ms="9087" started-at="2021-05-03T13:02:19 EDT" finished-at="2021-05-03T13:02:28 EDT">
          <reporter-output>
          </reporter-output>
        </test-method> <!-- setUp -->
        <test-method status="PASS" signature="addContactsTest(java.lang.String,java.lang.String,java.lang.String)[pri:5, instance:crm.testcases.ContactsPageTest@4fcd19b3]" name="addContactsTest" duration-ms="5075" started-at="2021-05-03T13:02:28 EDT" data-provider="getContactsData" finished-at="2021-05-03T13:02:33 EDT">
          <params>
            <param index="0">
              <value>
                <![CDATA[Siva]]>
              </value>
            </param>
            <param index="1">
              <value>
                <![CDATA[Parvathi]]>
              </value>
            </param>
            <param index="2">
              <value>
                <![CDATA[Kailasam]]>
              </value>
            </param>
          </params>
          <reporter-output>
          </reporter-output>
        </test-method> <!-- addContactsTest -->
        <test-method status="PASS" signature="tearDown()[pri:0, instance:crm.testcases.ContactsPageTest@4fcd19b3]" name="tearDown" is-config="true" duration-ms="828" started-at="2021-05-03T13:02:33 EDT" finished-at="2021-05-03T13:02:34 EDT">
          <reporter-output>
          </reporter-output>
        </test-method> <!-- tearDown -->
      </class> <!-- crm.testcases.ContactsPageTest -->
    </test> <!-- UI Test set -->
  </suite> <!-- Functional Test automation suite for Free CRM App -->
</testng-results>
